<?xml version="1.0" encoding="UTF-8"?>
<!-- Generated by org.testng.reporters.JUnitReportReporter -->
<testsuite hostname="INTUITA278485" name="com.geico.pages.geicoAddVehicle" tests="1" failures="0" timestamp="13 Oct 2016 10:45:57 GMT" time="0.003" errors="0">
  <testcase name="f" time="0.003" classname="com.geico.pages.geicoAddVehicle"/>
</testsuite> <!-- com.geico.pages.geicoAddVehicle -->
