<?xml version="1.0" encoding="UTF-8"?>
<!-- Generated by org.testng.reporters.JUnitReportReporter -->
<testsuite hostname="INTUITA278485" name="com.geico.geicoEnterDetails" tests="2" failures="0" timestamp="13 Oct 2016 01:46:25 GMT" time="80.049" errors="0">
  <testcase name="enterDetails" time="1.217" classname="com.geico.geicoEnterDetails"/>
  <testcase name="launchGeico" time="78.832" classname="com.geico.geicoEnterDetails"/>
</testsuite> <!-- com.geico.geicoEnterDetails -->
